<?xml version="1.0" encoding="UTF-8"?>
<!-- Generated by org.testng.reporters.JUnitReportReporter -->
<testsuite hostname="DESKTOP-OS1JFG0" failures="0" tests="1" name="stepsdefinitions.testrunner" time="73.621" errors="0" timestamp="2025-03-19T15:56:33 IST" skipped="0">
  <testcase classname="stepsdefinitions.testrunner" name="runScenario" time="73.621"/>
</testsuite> <!-- stepsdefinitions.testrunner -->
