<?xml version="1.0" encoding="UTF-8"?>
<!-- Generated by org.testng.reporters.JUnitReportReporter -->
<testsuite hostname="DESKTOP-OS1JFG0" failures="0" tests="1" name="seleniumtranning.Popuphandle" time="21.381" errors="0" timestamp="2024-05-02T12:23:18 IST" skipped="0">
  <testcase classname="seleniumtranning.Popuphandle" name="popup" time="21.381"/>
</testsuite> <!-- seleniumtranning.Popuphandle -->
