<?xml version="1.0" encoding="UTF-8"?>
<!-- Generated by org.testng.reporters.JUnitReportReporter -->
<testsuite hostname="DESKTOP-OS1JFG0" failures="0" tests="2" name="stepsdefinitions.testrunner" time="102.280" errors="0" timestamp="2025-03-12T16:59:16 IST" skipped="0">
  <testcase classname="stepsdefinitions.testrunner" name="runScenario" time="49.137"/>
  <testcase classname="stepsdefinitions.testrunner" name="runScenario" time="53.143"/>
</testsuite> <!-- stepsdefinitions.testrunner -->
