<?xml version="1.0" encoding="UTF-8"?>
<!-- Generated by org.testng.reporters.JUnitReportReporter -->
<testsuite hostname="DESKTOP-OS1JFG0" failures="0" tests="2" name="stepsdefinitions.testrunner" time="107.595" errors="0" timestamp="2025-03-13T11:31:57 IST" skipped="0">
  <testcase classname="stepsdefinitions.testrunner" name="runScenario" time="58.177"/>
  <testcase classname="stepsdefinitions.testrunner" name="runScenario" time="49.418"/>
</testsuite> <!-- stepsdefinitions.testrunner -->
