<?xml version="1.0" encoding="UTF-8"?>
<!-- Generated by org.testng.reporters.JUnitReportReporter -->
<testsuite hostname="DESKTOP-OS1JFG0" failures="0" tests="2" name="stepsdefinitions.testrunner" time="112.832" errors="0" timestamp="2025-03-13T14:18:30 IST" skipped="0">
  <testcase classname="stepsdefinitions.testrunner" name="runScenario" time="49.106"/>
  <testcase classname="stepsdefinitions.testrunner" name="runScenario" time="63.726"/>
</testsuite> <!-- stepsdefinitions.testrunner -->
