<?xml version="1.0" encoding="UTF-8"?>
<!-- Generated by org.testng.reporters.JUnitReportReporter -->
<testsuite hostname="DESKTOP-OS1JFG0" failures="0" tests="1" name="stepsdefinitions.testrunner" time="72.640" errors="0" timestamp="2025-03-20T12:31:50 IST" skipped="0">
  <testcase classname="stepsdefinitions.testrunner" name="runScenario" time="72.640"/>
</testsuite> <!-- stepsdefinitions.testrunner -->
